<?xml version="1.0" encoding="UTF-8"?>
<coverage generated="1784578344612" clover="3.2.0">
  <project timestamp="1784578344613" name="All files">
    <metrics statements="14" coveredstatements="14" conditionals="9" coveredconditionals="9" methods="3" coveredmethods="3" elements="26" coveredelements="26" complexity="0" loc="14" ncloc="14" packages="1" files="2" classes="2"/>
    <file name="AuthValidator.ts" path="/home/novo/seniorease-monorepo/packages/core-domain/src/use-cases/AuthValidator.ts">
      <metrics statements="7" coveredstatements="7" conditionals="5" coveredconditionals="5" methods="1" coveredmethods="1"/>
      <line num="1" count="1" type="stmt"/>
      <line num="3" count="6" type="cond" truecount="5" falsecount="0"/>
      <line num="5" count="1" type="stmt"/>
      <line num="7" count="1" type="stmt"/>
      <line num="9" count="1" type="stmt"/>
      <line num="11" count="1" type="stmt"/>
      <line num="13" count="2" type="stmt"/>
    </file>
    <file name="CalculateProgress.ts" path="/home/novo/seniorease-monorepo/packages/core-domain/src/use-cases/CalculateProgress.ts">
      <metrics statements="7" coveredstatements="7" conditionals="4" coveredconditionals="4" methods="2" coveredmethods="2"/>
      <line num="5" count="1" type="stmt"/>
      <line num="11" count="7" type="cond" truecount="4" falsecount="0"/>
      <line num="12" count="3" type="stmt"/>
      <line num="15" count="4" type="stmt"/>
      <line num="16" count="10" type="stmt"/>
      <line num="18" count="4" type="stmt"/>
      <line num="21" count="4" type="stmt"/>
    </file>
  </project>
</coverage>
