{"/home/novo/seniorease-monorepo/packages/core-domain/src/use-cases/AuthValidator.ts": {"path":"/home/novo/seniorease-monorepo/packages/core-domain/src/use-cases/AuthValidator.ts","statementMap":{"0":{"start":{"line":3,"column":4},"end":{"line":14,"column":5}},"1":{"start":{"line":5,"column":8},"end":{"line":5,"column":86}},"2":{"start":{"line":7,"column":8},"end":{"line":7,"column":88}},"3":{"start":{"line":9,"column":8},"end":{"line":9,"column":96}},"4":{"start":{"line":11,"column":8},"end":{"line":11,"column":107}},"5":{"start":{"line":13,"column":8},"end":{"line":13,"column":82}},"6":{"start":{"line":1,"column":0},"end":{"line":1,"column":13}}},"fnMap":{"0":{"name":"(anonymous_0)","decl":{"start":{"line":2,"column":2},"end":{"line":2,"column":8}},"loc":{"start":{"line":2,"column":38},"end":{"line":15,"column":3}}}},"branchMap":{"0":{"loc":{"start":{"line":3,"column":4},"end":{"line":14,"column":5}},"type":"switch","locations":[{"start":{"line":4,"column":6},"end":{"line":5,"column":86}},{"start":{"line":6,"column":6},"end":{"line":7,"column":88}},{"start":{"line":8,"column":6},"end":{"line":9,"column":96}},{"start":{"line":10,"column":6},"end":{"line":11,"column":107}},{"start":{"line":12,"column":6},"end":{"line":13,"column":82}}]}},"s":{"0":6,"1":1,"2":1,"3":1,"4":1,"5":2,"6":1},"f":{"0":6},"b":{"0":[1,1,1,1,2]}}
,"/home/novo/seniorease-monorepo/packages/core-domain/src/use-cases/CalculateProgress.ts": {"path":"/home/novo/seniorease-monorepo/packages/core-domain/src/use-cases/CalculateProgress.ts","statementMap":{"0":{"start":{"line":11,"column":4},"end":{"line":13,"column":5}},"1":{"start":{"line":12,"column":6},"end":{"line":12,"column":15}},"2":{"start":{"line":15,"column":23},"end":{"line":15,"column":35}},"3":{"start":{"line":16,"column":27},"end":{"line":16,"column":79}},"4":{"start":{"line":16,"column":48},"end":{"line":16,"column":71}},"5":{"start":{"line":18,"column":23},"end":{"line":18,"column":58}},"6":{"start":{"line":21,"column":4},"end":{"line":21,"column":34}},"7":{"start":{"line":5,"column":0},"end":{"line":5,"column":13}}},"fnMap":{"0":{"name":"(anonymous_0)","decl":{"start":{"line":10,"column":2},"end":{"line":10,"column":8}},"loc":{"start":{"line":10,"column":43},"end":{"line":22,"column":3}}},"1":{"name":"(anonymous_1)","decl":{"start":{"line":16,"column":40},"end":{"line":16,"column":44}},"loc":{"start":{"line":16,"column":48},"end":{"line":16,"column":71}}}},"branchMap":{"0":{"loc":{"start":{"line":11,"column":4},"end":{"line":13,"column":5}},"type":"if","locations":[{"start":{"line":11,"column":4},"end":{"line":13,"column":5}},{"start":{},"end":{}}]},"1":{"loc":{"start":{"line":11,"column":8},"end":{"line":11,"column":36}},"type":"binary-expr","locations":[{"start":{"line":11,"column":8},"end":{"line":11,"column":14}},{"start":{"line":11,"column":18},"end":{"line":11,"column":36}}]}},"s":{"0":7,"1":3,"2":4,"3":4,"4":10,"5":4,"6":4,"7":1},"f":{"0":7,"1":10},"b":{"0":[3,4],"1":[7,5]}}
}
