TN:
SF:src/use-cases/AuthValidator.ts
FN:2,(anonymous_0)
FNF:1
FNH:1
FNDA:6,(anonymous_0)
DA:1,1
DA:3,6
DA:5,1
DA:7,1
DA:9,1
DA:11,1
DA:13,2
LF:7
LH:7
BRDA:3,0,0,1
BRDA:3,0,1,1
BRDA:3,0,2,1
BRDA:3,0,3,1
BRDA:3,0,4,2
BRF:5
BRH:5
end_of_record
TN:
SF:src/use-cases/CalculateProgress.ts
FN:10,(anonymous_0)
FN:16,(anonymous_1)
FNF:2
FNH:2
FNDA:7,(anonymous_0)
FNDA:10,(anonymous_1)
DA:5,1
DA:11,7
DA:12,3
DA:15,4
DA:16,10
DA:18,4
DA:21,4
LF:7
LH:7
BRDA:11,0,0,3
BRDA:11,0,1,4
BRDA:11,1,0,7
BRDA:11,1,1,5
BRF:4
BRH:4
end_of_record
